<?xml version="1.0" encoding="UTF-8"?>
<coverage generated="1732911825774" clover="3.2.0">
  <project timestamp="1732911825774" name="All files">
    <metrics statements="143" coveredstatements="135" conditionals="17" coveredconditionals="17" methods="12" coveredmethods="8" elements="172" coveredelements="160" complexity="0" loc="143" ncloc="143" packages="2" files="9" classes="9"/>
    <package name="js-foundation">
      <metrics statements="84" coveredstatements="84" conditionals="11" coveredconditionals="11" methods="3" coveredmethods="3"/>
      <file name="01-template.ts" path="D:\INGENIERIA DE SISTEMAS\FRAMEWORKS\NODEJS\NodeFernandoHerrera\02-bases\src\js-foundation\01-template.ts">
        <metrics statements="7" coveredstatements="7" conditionals="0" coveredconditionals="0" methods="0" coveredmethods="0"/>
        <line num="1" count="1" type="stmt"/>
        <line num="2" count="1" type="stmt"/>
        <line num="3" count="1" type="stmt"/>
        <line num="4" count="1" type="stmt"/>
        <line num="5" count="1" type="stmt"/>
        <line num="6" count="1" type="stmt"/>
        <line num="7" count="1" type="stmt"/>
      </file>
      <file name="02-destructuring.ts" path="D:\INGENIERIA DE SISTEMAS\FRAMEWORKS\NODEJS\NodeFernandoHerrera\02-bases\src\js-foundation\02-destructuring.ts">
        <metrics statements="6" coveredstatements="6" conditionals="0" coveredconditionals="0" methods="0" coveredmethods="0"/>
        <line num="1" count="1" type="stmt"/>
        <line num="2" count="1" type="stmt"/>
        <line num="3" count="1" type="stmt"/>
        <line num="4" count="1" type="stmt"/>
        <line num="5" count="1" type="stmt"/>
        <line num="6" count="1" type="stmt"/>
      </file>
      <file name="03-callbacks.ts" path="D:\INGENIERIA DE SISTEMAS\FRAMEWORKS\NODEJS\NodeFernandoHerrera\02-bases\src\js-foundation\03-callbacks.ts">
        <metrics statements="27" coveredstatements="27" conditionals="4" coveredconditionals="4" methods="1" coveredmethods="1"/>
        <line num="1" count="1" type="stmt"/>
        <line num="2" count="1" type="stmt"/>
        <line num="3" count="1" type="stmt"/>
        <line num="4" count="1" type="stmt"/>
        <line num="5" count="1" type="stmt"/>
        <line num="6" count="1" type="stmt"/>
        <line num="7" count="1" type="stmt"/>
        <line num="8" count="1" type="stmt"/>
        <line num="9" count="1" type="stmt"/>
        <line num="10" count="1" type="stmt"/>
        <line num="11" count="1" type="stmt"/>
        <line num="12" count="1" type="stmt"/>
        <line num="13" count="1" type="stmt"/>
        <line num="14" count="1" type="stmt"/>
        <line num="15" count="1" type="stmt"/>
        <line num="16" count="2" type="cond" truecount="1" falsecount="0"/>
        <line num="17" count="2" type="cond" truecount="1" falsecount="0"/>
        <line num="18" count="3" type="stmt"/>
        <line num="19" count="2" type="stmt"/>
        <line num="20" count="2" type="cond" truecount="1" falsecount="0"/>
        <line num="21" count="1" type="cond" truecount="1" falsecount="0"/>
        <line num="22" count="1" type="stmt"/>
        <line num="23" count="1" type="stmt"/>
        <line num="24" count="1" type="stmt"/>
        <line num="25" count="1" type="stmt"/>
        <line num="26" count="1" type="stmt"/>
        <line num="27" count="1" type="stmt"/>
      </file>
      <file name="05-factory.ts" path="D:\INGENIERIA DE SISTEMAS\FRAMEWORKS\NODEJS\NodeFernandoHerrera\02-bases\src\js-foundation\05-factory.ts">
        <metrics statements="21" coveredstatements="21" conditionals="2" coveredconditionals="2" methods="1" coveredmethods="1"/>
        <line num="1" count="1" type="stmt"/>
        <line num="2" count="1" type="stmt"/>
        <line num="3" count="1" type="stmt"/>
        <line num="4" count="1" type="stmt"/>
        <line num="5" count="1" type="stmt"/>
        <line num="6" count="1" type="stmt"/>
        <line num="7" count="1" type="stmt"/>
        <line num="8" count="1" type="stmt"/>
        <line num="9" count="1" type="stmt"/>
        <line num="10" count="1" type="stmt"/>
        <line num="11" count="1" type="cond" truecount="1" falsecount="0"/>
        <line num="12" count="2" type="stmt"/>
        <line num="13" count="2" type="cond" truecount="1" falsecount="0"/>
        <line num="14" count="1" type="stmt"/>
        <line num="15" count="1" type="stmt"/>
        <line num="16" count="1" type="stmt"/>
        <line num="17" count="1" type="stmt"/>
        <line num="18" count="1" type="stmt"/>
        <line num="19" count="1" type="stmt"/>
        <line num="20" count="1" type="stmt"/>
        <line num="21" count="2" type="stmt"/>
      </file>
      <file name="06-promises.ts" path="D:\INGENIERIA DE SISTEMAS\FRAMEWORKS\NODEJS\NodeFernandoHerrera\02-bases\src\js-foundation\06-promises.ts">
        <metrics statements="23" coveredstatements="23" conditionals="5" coveredconditionals="5" methods="1" coveredmethods="1"/>
        <line num="1" count="1" type="stmt"/>
        <line num="2" count="1" type="stmt"/>
        <line num="3" count="1" type="stmt"/>
        <line num="4" count="1" type="stmt"/>
        <line num="5" count="1" type="stmt"/>
        <line num="6" count="1" type="stmt"/>
        <line num="7" count="1" type="stmt"/>
        <line num="8" count="1" type="cond" truecount="1" falsecount="0"/>
        <line num="9" count="2" type="stmt"/>
        <line num="10" count="2" type="stmt"/>
        <line num="11" count="2" type="stmt"/>
        <line num="12" count="2" type="cond" truecount="1" falsecount="0"/>
        <line num="13" count="2" type="cond" truecount="1" falsecount="0"/>
        <line num="14" count="1" type="stmt"/>
        <line num="15" count="1" type="stmt"/>
        <line num="16" count="1" type="stmt"/>
        <line num="17" count="2" type="stmt"/>
        <line num="18" count="2" type="cond" truecount="1" falsecount="0"/>
        <line num="19" count="2" type="cond" truecount="1" falsecount="0"/>
        <line num="20" count="1" type="stmt"/>
        <line num="21" count="1" type="stmt"/>
        <line num="22" count="2" type="stmt"/>
        <line num="23" count="2" type="stmt"/>
      </file>
    </package>
    <package name="plugins">
      <metrics statements="59" coveredstatements="51" conditionals="6" coveredconditionals="6" methods="9" coveredmethods="5"/>
      <file name="get-age-plugin.ts" path="D:\INGENIERIA DE SISTEMAS\FRAMEWORKS\NODEJS\NodeFernandoHerrera\02-bases\src\plugins\get-age-plugin.ts">
        <metrics statements="5" coveredstatements="5" conditionals="1" coveredconditionals="1" methods="1" coveredmethods="1"/>
        <line num="1" count="1" type="stmt"/>
        <line num="2" count="1" type="stmt"/>
        <line num="3" count="1" type="cond" truecount="1" falsecount="0"/>
        <line num="4" count="2" type="stmt"/>
        <line num="5" count="2" type="stmt"/>
      </file>
      <file name="get-id-plugin.ts" path="D:\INGENIERIA DE SISTEMAS\FRAMEWORKS\NODEJS\NodeFernandoHerrera\02-bases\src\plugins\get-id-plugin.ts">
        <metrics statements="5" coveredstatements="5" conditionals="1" coveredconditionals="1" methods="1" coveredmethods="1"/>
        <line num="1" count="1" type="stmt"/>
        <line num="2" count="1" type="stmt"/>
        <line num="3" count="1" type="cond" truecount="1" falsecount="0"/>
        <line num="4" count="1" type="stmt"/>
        <line num="5" count="1" type="stmt"/>
      </file>
      <file name="http-client.ts" path="D:\INGENIERIA DE SISTEMAS\FRAMEWORKS\NODEJS\NodeFernandoHerrera\02-bases\src\plugins\http-client.ts">
        <metrics statements="18" coveredstatements="12" conditionals="2" coveredconditionals="2" methods="4" coveredmethods="1"/>
        <line num="1" count="1" type="stmt"/>
        <line num="2" count="1" type="stmt"/>
        <line num="3" count="1" type="stmt"/>
        <line num="4" count="1" type="cond" truecount="2" falsecount="0"/>
        <line num="5" count="1" type="stmt"/>
        <line num="6" count="1" type="stmt"/>
        <line num="7" count="1" type="stmt"/>
        <line num="8" count="1" type="stmt"/>
        <line num="9" count="1" type="stmt"/>
        <line num="10" count="0" type="stmt"/>
        <line num="11" count="0" type="stmt"/>
        <line num="12" count="1" type="stmt"/>
        <line num="13" count="0" type="stmt"/>
        <line num="14" count="0" type="stmt"/>
        <line num="15" count="1" type="stmt"/>
        <line num="16" count="0" type="stmt"/>
        <line num="17" count="0" type="stmt"/>
        <line num="18" count="1" type="stmt"/>
      </file>
      <file name="logger.plugin.ts" path="D:\INGENIERIA DE SISTEMAS\FRAMEWORKS\NODEJS\NodeFernandoHerrera\02-bases\src\plugins\logger.plugin.ts">
        <metrics statements="31" coveredstatements="29" conditionals="2" coveredconditionals="2" methods="3" coveredmethods="2"/>
        <line num="1" count="1" type="stmt"/>
        <line num="2" count="1" type="stmt"/>
        <line num="3" count="1" type="stmt"/>
        <line num="4" count="1" type="stmt"/>
        <line num="5" count="1" type="stmt"/>
        <line num="6" count="1" type="stmt"/>
        <line num="7" count="1" type="stmt"/>
        <line num="8" count="1" type="stmt"/>
        <line num="9" count="1" type="stmt"/>
        <line num="10" count="1" type="stmt"/>
        <line num="11" count="1" type="stmt"/>
        <line num="12" count="1" type="stmt"/>
        <line num="13" count="1" type="stmt"/>
        <line num="14" count="1" type="stmt"/>
        <line num="15" count="1" type="stmt"/>
        <line num="16" count="1" type="stmt"/>
        <line num="17" count="1" type="stmt"/>
        <line num="18" count="1" type="stmt"/>
        <line num="19" count="1" type="stmt"/>
        <line num="20" count="1" type="stmt"/>
        <line num="21" count="1" type="stmt"/>
        <line num="22" count="1" type="cond" truecount="1" falsecount="0"/>
        <line num="23" count="2" type="stmt"/>
        <line num="24" count="2" type="cond" truecount="1" falsecount="0"/>
        <line num="25" count="1" type="stmt"/>
        <line num="26" count="2" type="stmt"/>
        <line num="27" count="2" type="stmt"/>
        <line num="28" count="0" type="stmt"/>
        <line num="29" count="0" type="stmt"/>
        <line num="30" count="2" type="stmt"/>
        <line num="31" count="2" type="stmt"/>
      </file>
    </package>
  </project>
</coverage>
