<?xml version="1.0" encoding="UTF-8"?>
<coverage generated="1732669045683" clover="3.2.0">
  <project timestamp="1732669045683" name="All files">
    <metrics statements="27" coveredstatements="25" conditionals="4" coveredconditionals="3" methods="1" coveredmethods="1" elements="32" coveredelements="29" complexity="0" loc="27" ncloc="27" packages="1" files="1" classes="1"/>
    <file name="03-callbacks.ts" path="D:\INGENIERIA DE SISTEMAS\FRAMEWORKS\NODEJS\NodeFernandoHerrera\02-bases\src\js-foundation\03-callbacks.ts">
      <metrics statements="27" coveredstatements="25" conditionals="4" coveredconditionals="3" methods="1" coveredmethods="1"/>
      <line num="1" count="1" type="stmt"/>
      <line num="2" count="1" type="stmt"/>
      <line num="3" count="1" type="stmt"/>
      <line num="4" count="1" type="stmt"/>
      <line num="5" count="1" type="stmt"/>
      <line num="6" count="1" type="stmt"/>
      <line num="7" count="1" type="stmt"/>
      <line num="8" count="1" type="stmt"/>
      <line num="9" count="1" type="stmt"/>
      <line num="10" count="1" type="stmt"/>
      <line num="11" count="1" type="stmt"/>
      <line num="12" count="1" type="stmt"/>
      <line num="13" count="1" type="stmt"/>
      <line num="14" count="1" type="stmt"/>
      <line num="15" count="1" type="stmt"/>
      <line num="16" count="1" type="cond" truecount="1" falsecount="0"/>
      <line num="17" count="1" type="cond" truecount="1" falsecount="0"/>
      <line num="18" count="2" type="stmt"/>
      <line num="19" count="1" type="stmt"/>
      <line num="20" count="1" type="stmt"/>
      <line num="21" count="1" type="cond" truecount="1" falsecount="0"/>
      <line num="22" count="1" type="stmt"/>
      <line num="23" count="1" type="stmt"/>
      <line num="24" count="1" type="stmt"/>
      <line num="25" count="1" type="stmt"/>
      <line num="26" count="0" type="cond" truecount="0" falsecount="1"/>
      <line num="27" count="0" type="stmt"/>
    </file>
  </project>
</coverage>
