{"D:\\INGENIERIA DE SISTEMAS\\FRAMEWORKS\\NODEJS\\NodeFernandoHerrera\\02-bases\\src\\plugins\\get-age-plugin.ts": {"path":"D:\\INGENIERIA DE SISTEMAS\\FRAMEWORKS\\NODEJS\\NodeFernandoHerrera\\02-bases\\src\\plugins\\get-age-plugin.ts","all":false,"statementMap":{"0":{"start":{"line":1,"column":0},"end":{"line":1,"column":39}},"1":{"start":{"line":2,"column":0},"end":{"line":2,"column":0}},"2":{"start":{"line":3,"column":0},"end":{"line":3,"column":46}},"3":{"start":{"line":4,"column":0},"end":{"line":4,"column":34}},"4":{"start":{"line":5,"column":0},"end":{"line":5,"column":1}}},"s":{"0":1,"1":1,"2":1,"3":2,"4":2},"branchMap":{"0":{"type":"branch","line":3,"loc":{"start":{"line":3,"column":22},"end":{"line":5,"column":1}},"locations":[{"start":{"line":3,"column":22},"end":{"line":5,"column":1}}]}},"b":{"0":[2]},"fnMap":{"0":{"name":"getAge","decl":{"start":{"line":3,"column":22},"end":{"line":5,"column":1}},"loc":{"start":{"line":3,"column":22},"end":{"line":5,"column":1}},"line":3}},"f":{"0":2}}
,"D:\\INGENIERIA DE SISTEMAS\\FRAMEWORKS\\NODEJS\\NodeFernandoHerrera\\02-bases\\src\\plugins\\get-id-plugin.ts": {"path":"D:\\INGENIERIA DE SISTEMAS\\FRAMEWORKS\\NODEJS\\NodeFernandoHerrera\\02-bases\\src\\plugins\\get-id-plugin.ts","all":false,"statementMap":{"0":{"start":{"line":1,"column":0},"end":{"line":1,"column":36}},"1":{"start":{"line":2,"column":0},"end":{"line":2,"column":0}},"2":{"start":{"line":3,"column":0},"end":{"line":3,"column":28}},"3":{"start":{"line":4,"column":0},"end":{"line":4,"column":20}},"4":{"start":{"line":5,"column":0},"end":{"line":5,"column":1}}},"s":{"0":1,"1":1,"2":1,"3":1,"4":1},"branchMap":{"0":{"type":"branch","line":3,"loc":{"start":{"line":3,"column":21},"end":{"line":5,"column":1}},"locations":[{"start":{"line":3,"column":21},"end":{"line":5,"column":1}}]}},"b":{"0":[1]},"fnMap":{"0":{"name":"getId","decl":{"start":{"line":3,"column":21},"end":{"line":5,"column":1}},"loc":{"start":{"line":3,"column":21},"end":{"line":5,"column":1}},"line":3}},"f":{"0":1}}
}
